Determining if the pthread_create exist failed with the following output:
Change Dir: /home/leo/v2v-protocol/build/CMakeFiles/CMakeTmp

Run Build Command:"/usr/bin/make" "cmTC_b481b/fast"
/usr/bin/make -f CMakeFiles/cmTC_b481b.dir/build.make CMakeFiles/cmTC_b481b.dir/build
make[1]: Entering directory '/home/leo/v2v-protocol/build/CMakeFiles/CMakeTmp'
Building C object CMakeFiles/cmTC_b481b.dir/CheckSymbolExists.c.o
/usr/bin/cc     -o CMakeFiles/cmTC_b481b.dir/CheckSymbolExists.c.o   -c /home/leo/v2v-protocol/build/CMakeFiles/CMakeTmp/CheckSymbolExists.c
Linking C executable cmTC_b481b
/usr/bin/cmake -E cmake_link_script CMakeFiles/cmTC_b481b.dir/link.txt --verbose=1
/usr/bin/cc       CMakeFiles/cmTC_b481b.dir/CheckSymbolExists.c.o  -o cmTC_b481b 
CMakeFiles/cmTC_b481b.dir/CheckSymbolExists.c.o: In function `main':
CheckSymbolExists.c:(.text+0x16): undefined reference to `pthread_create'
collect2: error: ld returned 1 exit status
CMakeFiles/cmTC_b481b.dir/build.make:97: recipe for target 'cmTC_b481b' failed
make[1]: *** [cmTC_b481b] Error 1
make[1]: Leaving directory '/home/leo/v2v-protocol/build/CMakeFiles/CMakeTmp'
Makefile:126: recipe for target 'cmTC_b481b/fast' failed
make: *** [cmTC_b481b/fast] Error 2

File /home/leo/v2v-protocol/build/CMakeFiles/CMakeTmp/CheckSymbolExists.c:
/* */
#include <pthread.h>

int main(int argc, char** argv)
{
  (void)argv;
#ifndef pthread_create
  return ((int*)(&pthread_create))[argc];
#else
  (void)argc;
  return 0;
#endif
}

Determining if the function pthread_create exists in the pthreads failed with the following output:
Change Dir: /home/leo/v2v-protocol/build/CMakeFiles/CMakeTmp

Run Build Command:"/usr/bin/make" "cmTC_3c8dd/fast"
/usr/bin/make -f CMakeFiles/cmTC_3c8dd.dir/build.make CMakeFiles/cmTC_3c8dd.dir/build
make[1]: Entering directory '/home/leo/v2v-protocol/build/CMakeFiles/CMakeTmp'
Building C object CMakeFiles/cmTC_3c8dd.dir/CheckFunctionExists.c.o
/usr/bin/cc    -DCHECK_FUNCTION_EXISTS=pthread_create   -o CMakeFiles/cmTC_3c8dd.dir/CheckFunctionExists.c.o   -c /usr/share/cmake-3.5/Modules/CheckFunctionExists.c
Linking C executable cmTC_3c8dd
/usr/bin/cmake -E cmake_link_script CMakeFiles/cmTC_3c8dd.dir/link.txt --verbose=1
/usr/bin/cc   -DCHECK_FUNCTION_EXISTS=pthread_create    CMakeFiles/cmTC_3c8dd.dir/CheckFunctionExists.c.o  -o cmTC_3c8dd -lpthreads 
/usr/bin/ld: cannot find -lpthreads
collect2: error: ld returned 1 exit status
CMakeFiles/cmTC_3c8dd.dir/build.make:97: recipe for target 'cmTC_3c8dd' failed
make[1]: *** [cmTC_3c8dd] Error 1
make[1]: Leaving directory '/home/leo/v2v-protocol/build/CMakeFiles/CMakeTmp'
Makefile:126: recipe for target 'cmTC_3c8dd/fast' failed
make: *** [cmTC_3c8dd/fast] Error 2


